This is pdfTeX, Version 3.14159265-2.6-1.40.15 (TeX Live 2014/Arch Linux) (preloaded format=pdflatex 2014.9.1)  1 OCT 2014 17:33
entering extended mode
 restricted \write18 enabled.
 %&-line parsing enabled.
**Michael_Hug_Assignment4.tex
(./Michael_Hug_Assignment4.tex
LaTeX2e <2014/05/01>
Babel <3.9k> and hyphenation patterns for 79 languages loaded.
(/usr/share/texmf-dist/tex/latex/base/article.cls
Document Class: article 2007/10/19 v1.4h Standard LaTeX document class
(/usr/share/texmf-dist/tex/latex/base/size10.clo
File: size10.clo 2007/10/19 v1.4h Standard LaTeX file (size option)
)
\c@part=\count79
\c@section=\count80
\c@subsection=\count81
\c@subsubsection=\count82
\c@paragraph=\count83
\c@subparagraph=\count84
\c@figure=\count85
\c@table=\count86
\abovecaptionskip=\skip41
\belowcaptionskip=\skip42
\bibindent=\dimen102
)
(/usr/share/texmf-dist/tex/latex/listings/listings.sty
(/usr/share/texmf-dist/tex/latex/graphics/keyval.sty
Package: keyval 2014/05/08 v1.15 key=value parser (DPC)
\KV@toks@=\toks14
)
\lst@mode=\count87
\lst@gtempboxa=\box26
\lst@token=\toks15
\lst@length=\count88
\lst@currlwidth=\dimen103
\lst@column=\count89
\lst@pos=\count90
\lst@lostspace=\dimen104
\lst@width=\dimen105
\lst@newlines=\count91
\lst@lineno=\count92
\lst@maxwidth=\dimen106

(/usr/share/texmf-dist/tex/latex/listings/lstmisc.sty
File: lstmisc.sty 2014/03/04 1.5c (Carsten Heinz)
\c@lstnumber=\count93
\lst@skipnumbers=\count94
\lst@framebox=\box27
)
(/usr/share/texmf-dist/tex/latex/listings/listings.cfg
File: listings.cfg 2014/03/04 1.5c listings configuration
))
Package: listings 2014/03/04 1.5c (Carsten Heinz)

(/usr/share/texmf-dist/tex/latex/amsmath/amsmath.sty
Package: amsmath 2013/01/14 v2.14 AMS math features
\@mathmargin=\skip43

For additional information on amsmath, use the `?' option.
(/usr/share/texmf-dist/tex/latex/amsmath/amstext.sty
Package: amstext 2000/06/29 v2.01

(/usr/share/texmf-dist/tex/latex/amsmath/amsgen.sty
File: amsgen.sty 1999/11/30 v2.0
\@emptytoks=\toks16
\ex@=\dimen107
))
(/usr/share/texmf-dist/tex/latex/amsmath/amsbsy.sty
Package: amsbsy 1999/11/29 v1.2d
\pmbraise@=\dimen108
)
(/usr/share/texmf-dist/tex/latex/amsmath/amsopn.sty
Package: amsopn 1999/12/14 v2.01 operator names
)
\inf@bad=\count95
LaTeX Info: Redefining \frac on input line 210.
\uproot@=\count96
\leftroot@=\count97
LaTeX Info: Redefining \overline on input line 306.
\classnum@=\count98
\DOTSCASE@=\count99
LaTeX Info: Redefining \ldots on input line 378.
LaTeX Info: Redefining \dots on input line 381.
LaTeX Info: Redefining \cdots on input line 466.
\Mathstrutbox@=\box28
\strutbox@=\box29
\big@size=\dimen109
LaTeX Font Info:    Redeclaring font encoding OML on input line 566.
LaTeX Font Info:    Redeclaring font encoding OMS on input line 567.
\macc@depth=\count100
\c@MaxMatrixCols=\count101
\dotsspace@=\muskip10
\c@parentequation=\count102
\dspbrk@lvl=\count103
\tag@help=\toks17
\row@=\count104
\column@=\count105
\maxfields@=\count106
\andhelp@=\toks18
\eqnshift@=\dimen110
\alignsep@=\dimen111
\tagshift@=\dimen112
\tagwidth@=\dimen113
\totwidth@=\dimen114
\lineht@=\dimen115
\@envbody=\toks19
\multlinegap=\skip44
\multlinetaggap=\skip45
\mathdisplay@stack=\toks20
LaTeX Info: Redefining \[ on input line 2665.
LaTeX Info: Redefining \] on input line 2666.
)
(./Michael_Hug_Assignment4.aux)
\openout1 = `Michael_Hug_Assignment4.aux'.

LaTeX Font Info:    Checking defaults for OML/cmm/m/it on input line 11.
LaTeX Font Info:    ... okay on input line 11.
LaTeX Font Info:    Checking defaults for T1/cmr/m/n on input line 11.
LaTeX Font Info:    ... okay on input line 11.
LaTeX Font Info:    Checking defaults for OT1/cmr/m/n on input line 11.
LaTeX Font Info:    ... okay on input line 11.
LaTeX Font Info:    Checking defaults for OMS/cmsy/m/n on input line 11.
LaTeX Font Info:    ... okay on input line 11.
LaTeX Font Info:    Checking defaults for OMX/cmex/m/n on input line 11.
LaTeX Font Info:    ... okay on input line 11.
LaTeX Font Info:    Checking defaults for U/cmr/m/n on input line 11.
LaTeX Font Info:    ... okay on input line 11.
\c@lstlisting=\count107
 [1

{/var/lib/texmf/fonts/map/pdftex/updmap/pdftex.map}]
Missing character: There is no ‚ in font cmti10!
Missing character: There is no Ä in font cmti10!
Missing character: There is no ô in font cmti10!
Missing character: There is no ‚ in font cmti10!
Missing character: There is no Ä in font cmti10!
Missing character: There is no ô in font cmti10!
Missing character: There is no œ in font cmti10!
Missing character: There is no Ä in font cmti10!
 (/usr/share/texmf-dist/tex/latex/listings/lstlang1.sty
File: lstlang1.sty 2014/03/04 1.5c listings language file
)
(/usr/share/texmf-dist/tex/latex/listings/lstmisc.sty
File: lstmisc.sty 2014/03/04 1.5c (Carsten Heinz)
)
LaTeX Font Info:    Try loading font information for OML+cmr on input line 79.

(/usr/share/texmf-dist/tex/latex/base/omlcmr.fd
File: omlcmr.fd 1999/05/25 v2.5h Standard LaTeX font definitions
)
LaTeX Font Info:    Font shape `OML/cmr/m/n' in size <10> not available
(Font)              Font shape `OML/cmm/m/it' tried instead on input line 79.
LaTeX Font Info:    Try loading font information for OMS+cmr on input line 79.

(/usr/share/texmf-dist/tex/latex/base/omscmr.fd
File: omscmr.fd 1999/05/25 v2.5h Standard LaTeX font definitions
)
LaTeX Font Info:    Font shape `OMS/cmr/m/n' in size <10> not available
(Font)              Font shape `OMS/cmsy/m/n' tried instead on input line 79.
Missing character: There is no ‚ in font cmr10!
Missing character: There is no à in font cmr10!
Missing character: There is no í in font cmr10!
Missing character: There is no ‚ in font cmr10!
Missing character: There is no à in font cmr10!
Missing character: There is no í in font cmr10!
Missing character: There is no ‚ in font cmr10!
Missing character: There is no à in font cmr10!
Missing character: There is no ó in font cmr10!
Missing character: There is no ‚ in font cmr10!
Missing character: There is no à in font cmr10!
Missing character: There is no ó in font cmr10!
Missing character: There is no ‚ in font cmr10!
Missing character: There is no à in font cmr10!
Missing character: There is no ó in font cmr10!

Overfull \hbox (49.00385pt too wide) in paragraph at lines 85--87
[][][][][][][][][][][][][][] 
 []

Missing character: There is no ‚ in font cmti10!
Missing character: There is no Ä in font cmti10!
Missing character: There is no ú in font cmti10!
Missing character: There is no ‚ in font cmti10!
Missing character: There is no Ä in font cmti10!
Missing character: There is no ù in font cmti10!
Missing character: There is no œ in font cmti10!
Missing character: There is no Ä in font cmti10!
Missing character: There is no ‚ in font cmti10!
Missing character: There is no Ä in font cmti10!
Missing character: There is no ô in font cmti10!
[1] [2]
Overfull \hbox (16.00366pt too wide) in paragraph at lines 204--205
[][][][][][][][][][][][][][][][][][][][][] 
 []

[3]
Overfull \hbox (4.00354pt too wide) in paragraph at lines 231--232
[][][][][][][][][][][][][][][][][][][][][][][] 
 []

[4]
LaTeX Font Info:    Font shape `OMS/cmr/m/it' in size <10> not available
(Font)              Font shape `OMS/cmsy/m/n' tried instead on input line 292.

Overfull \hbox (106.00458pt too wide) in paragraph at lines 293--294
[][][][][][][][][][][][][][][][][][][][][][] 
 []


Overfull \hbox (28.00378pt too wide) in paragraph at lines 294--295
[][][][][][][][][][][] 
 []


Overfull \hbox (10.0036pt too wide) in paragraph at lines 296--297
[][][][][][][][][][][][][][][][][][][][][][][][][][][] 
 []

[5] [6] [7] (./Michael_Hug_Assignment4.aux) ) 
Here is how much of TeX's memory you used:
 2337 strings out of 493108
 31012 string characters out of 6140726
 133898 words of memory out of 5000000
 5838 multiletter control sequences out of 15000+600000
 5047 words of font info for 19 fonts, out of 8000000 for 9000
 1141 hyphenation exceptions out of 8191
 27i,5n,49p,219b,1434s stack positions out of 5000i,500n,10000p,200000b,80000s
</usr/share/texmf-dist/fonts/type1
/public/amsfonts/cm/cmbx10.pfb></usr/share/texmf-dist/fonts/type1/public/amsfon
ts/cm/cmmi10.pfb></usr/share/texmf-dist/fonts/type1/public/amsfonts/cm/cmr10.pf
b></usr/share/texmf-dist/fonts/type1/public/amsfonts/cm/cmr17.pfb></usr/share/t
exmf-dist/fonts/type1/public/amsfonts/cm/cmsy10.pfb></usr/share/texmf-dist/font
s/type1/public/amsfonts/cm/cmti10.pfb>
Output written on Michael_Hug_Assignment4.pdf (8 pages, 106916 bytes).
PDF statistics:
 55 PDF objects out of 1000 (max. 8388607)
 38 compressed objects within 1 object stream
 0 named destinations out of 1000 (max. 500000)
 1 words of extra memory for PDF output out of 10000 (max. 10000000)

